🪵  Writing logs to "/Users/ankitkumar/Library/Preferences/.wrangler/logs/wrangler-2025-11-03_12-40-57_185.log"
Metrics dispatcher: Posting data {"deviceId":"a2d5469f-500b-4fc6-8a85-8be4063a1b9e","event":"wrangler command started","timestamp":1762173657288,"properties":{"amplitude_session_id":1762173657286,"amplitude_event_id":0,"wranglerVersion":"4.41.0","osPlatform":"Mac OS","osVersion":"Darwin Kernel Version 25.0.0: Wed Sep 17 21:42:08 PDT 2025; root:xnu-12377.1.9~141/RELEASE_ARM64_T8132","nodeVersion":24,"packageManager":"npm","isFirstUsage":false,"configFileType":"jsonc","isCI":false,"isPagesCI":false,"isWorkersCI":false,"isInteractive":false,"hasAssets":true,"argsUsed":["logLevel"],"argsCombination":"logLevel","command":"wrangler dev","args":{"logLevel":"debug","xRemoteBindings":true,"latest":true,"noBundle":false,"remote":false,"r":false,"testScheduled":false,"xVectorizeBindToProd":false,"xImagesLocalMode":false}}}
.env file not found at "/Users/ankitkumar/Downloads/AstroWriterHome/.env". Continuing... For more details, refer to https://developers.cloudflare.com/workers/wrangler/system-environment-variables/
.env file not found at "/Users/ankitkumar/Downloads/AstroWriterHome/.env.local". Continuing... For more details, refer to https://developers.cloudflare.com/workers/wrangler/system-environment-variables/
[31m✘ [41;31m[[41;97mERROR[41;31m][0m [1mFailed to write to log file Error: EPERM: operation not permitted, open '/Users/ankitkumar/Library/Preferences/.wrangler/logs/wrangler-2025-11-03_12-40-57_185.log'[0m

      at async open (node:internal/fs/promises:642:25)
      at async writeFile (node:internal/fs/promises:1249:14)
      at async /Users/ankitkumar/Downloads/AstroWriterHome/node_modules/wrangler/wrangler-dist/cli.js:34047:7
      at async Mutex.runWith (/Users/ankitkumar/Downloads/AstroWriterHome/node_modules/miniflare/dist/src/index.js:38874:48)
      at async appendToDebugLogFile (/Users/ankitkumar/Downloads/AstroWriterHome/node_modules/wrangler/wrangler-dist/cli.js:34044:3) {
    errno: -1,
    code: 'EPERM',
    syscall: 'open',
    path: '/Users/ankitkumar/Library/Preferences/.wrangler/logs/wrangler-2025-11-03_12-40-57_185.log'
  }


[31m✘ [41;31m[[41;97mERROR[41;31m][0m [1mWould have written: [0m

  --- 2025-11-03T12:40:57.288Z debug
  🪵  Writing logs to "/Users/ankitkumar/Library/Preferences/.wrangler/logs/wrangler-2025-11-03_12-40-57_185.log"
  ---
  



 ⛅️ wrangler 4.41.0 (update available 4.45.3)
─────────────────────────────────────────────
local dev variables file not found at ".dev.vars". Continuing... For more details, refer to https://developers.cloudflare.com/workers/wrangler/system-environment-variables/
.env file not found at "/Users/ankitkumar/Downloads/AstroWriterHome/.env". Continuing... For more details, refer to https://developers.cloudflare.com/workers/wrangler/system-environment-variables/
.env file not found at "/Users/ankitkumar/Downloads/AstroWriterHome/.env.local". Continuing... For more details, refer to https://developers.cloudflare.com/workers/wrangler/system-environment-variables/
Your Worker has access to the following bindings:
Binding            Resource      Mode
env.ASSETS         Assets        local

DevEnv teardown beginning...
ConfigController teardown beginning...
BundlerController teardown beginning...
LocalRuntimeController teardown beginning...
RemoteRuntimeController teardown beginning...
RemoteRuntimeController teardown complete
ProxyController teardown beginning...
ConfigController teardown complete
BundlerController teardown complete
LocalRuntimeController teardown complete
ProxyController teardown complete
DevEnv teardown complete

[31m✘ [41;31m[[41;97mERROR[41;31m][0m [1mA system error occurred: uv_interface_addresses returned Unknown system error 1 (Unknown system error 1)[0m


SystemError [ERR_SYSTEM_ERROR]: A system error occurred: uv_interface_addresses returned Unknown system error 1 (Unknown system error 1)
    at Object.networkInterfaces (node:os:217:16)
    at getLocalHosts (/Users/ankitkumar/Downloads/AstroWriterHome/node_modules/wrangler/wrangler-dist/cli.js:233006:50)
    at getPorts (/Users/ankitkumar/Downloads/AstroWriterHome/node_modules/wrangler/wrangler-dist/cli.js:232963:17)
    at /Users/ankitkumar/Downloads/AstroWriterHome/node_modules/wrangler/wrangler-dist/cli.js:233060:36
    at resolveDevConfig (/Users/ankitkumar/Downloads/AstroWriterHome/node_modules/wrangler/wrangler-dist/cli.js:233118:65)
    at process.processTicksAndRejections (node:internal/process/task_queues:105:5)
    at async resolveConfig (/Users/ankitkumar/Downloads/AstroWriterHome/node_modules/wrangler/wrangler-dist/cli.js:233302:10)
    at async #updateConfig (/Users/ankitkumar/Downloads/AstroWriterHome/node_modules/wrangler/wrangler-dist/cli.js:233482:68)
    at async setupDevEnv (/Users/ankitkumar/Downloads/AstroWriterHome/node_modules/wrangler/wrangler-dist/cli.js:256990:3)
    at async startDev (/Users/ankitkumar/Downloads/AstroWriterHome/node_modules/wrangler/wrangler-dist/cli.js:256946:7)
[32mIf you think this is a bug then please create an issue at https://github.com/cloudflare/workers-sdk/issues/new/choose[0m
Note that there is a newer version of Wrangler available (4.45.3). Consider checking whether upgrading resolves this error.
? Would you like to report this error to Cloudflare? Wrangler's output and the error details will be shared with the Wrangler team to help us diagnose and fix the issue.
🤖 Using fallback value in non-interactive context: no
Sentry: Reporting disabled - would have sent SystemError [ERR_SYSTEM_ERROR]: A system error occurred: uv_interface_addresses returned Unknown system error 1 (Unknown system error 1).
Metrics dispatcher: Posting data {"deviceId":"a2d5469f-500b-4fc6-8a85-8be4063a1b9e","event":"wrangler command errored","timestamp":1762173657434,"properties":{"amplitude_session_id":1762173657286,"amplitude_event_id":1,"wranglerVersion":"4.41.0","osPlatform":"Mac OS","osVersion":"Darwin Kernel Version 25.0.0: Wed Sep 17 21:42:08 PDT 2025; root:xnu-12377.1.9~141/RELEASE_ARM64_T8132","nodeVersion":24,"packageManager":"npm","isFirstUsage":false,"configFileType":"jsonc","isCI":false,"isPagesCI":false,"isWorkersCI":false,"isInteractive":false,"hasAssets":true,"argsUsed":["logLevel"],"argsCombination":"logLevel","command":"wrangler dev","args":{"logLevel":"debug","xRemoteBindings":true,"latest":true,"noBundle":false,"remote":false,"r":false,"testScheduled":false,"xVectorizeBindToProd":false,"xImagesLocalMode":false},"durationMs":164,"durationSeconds":0.164,"durationMinutes":0.0027333333333333333,"errorType":"SystemError"}}
🪵  Logs were written to "/Users/ankitkumar/Library/Preferences/.wrangler/logs/wrangler-2025-11-03_12-40-57_185.log"
